<?xml version="1.0" encoding="UTF-8" standalone="yes"?>
<ns2:test-suite start="1550474045626" stop="1550474238971" version="1.5.4" xmlns:ns2="urn:model.allure.qatools.yandex.ru">
    <name>Gradle suite : Gradle test</name>
    <title>Gradle suite : Gradle test</title>
    <test-cases>
        <test-case start="1550474045780" stop="1550474050343" status="failed">
            <name>testDeleteQuestGradeModify</name>
            <failure>
                <message>ElementNotFound: Element not found {div[class*='AddGradeButton']}
Expected: visible</message>
                <stack-trace>Element not found {div[class*='AddGradeButton']}
Expected: visible
Screenshot: file:/Users/vladislavsavenko/Documents/GitHub/java_ptf/wombat_admin/build/reports/tests/1550474049911.0.png
Page source: file:/Users/vladislavsavenko/Documents/GitHub/java_ptf/wombat_admin/build/reports/tests/1550474049911.0.html
Timeout: 4 s.
Caused by: NoSuchElementException: no such element: Unable to locate element: {"method":"css selector","selector":"div[class*='AddGradeButton']"}
	at com.codeborne.selenide.impl.WebElementSource.createElementNotFoundError(WebElementSource.java:31)
	at com.codeborne.selenide.impl.ElementFinder.createElementNotFoundError(ElementFinder.java:82)
	at com.codeborne.selenide.impl.WebElementSource.checkCondition(WebElementSource.java:59)
	at com.codeborne.selenide.impl.WebElementSource.findAndAssertElementIsVisible(WebElementSource.java:72)
	at com.codeborne.selenide.commands.Click.execute(Click.java:16)
	at com.codeborne.selenide.commands.Click.execute(Click.java:12)
	at com.codeborne.selenide.commands.Commands.execute(Commands.java:144)
	at com.codeborne.selenide.impl.SelenideElementProxy.dispatchAndRetry(SelenideElementProxy.java:90)
	at com.codeborne.selenide.impl.SelenideElementProxy.invoke(SelenideElementProxy.java:65)
	at com.sun.proxy.$Proxy7.click(Unknown Source)
	at ru.stqa.pft.wombat_admin.appmanager.NavigationHelper.createGrade(NavigationHelper.java:24)
	at ru.stqa.pft.wombat_admin.tests.GradeModificationTest.testDeleteQuestGradeModify(GradeModificationTest.java:31)
	at sun.reflect.NativeMethodAccessorImpl.invoke0(Native Method)
	at sun.reflect.NativeMethodAccessorImpl.invoke(NativeMethodAccessorImpl.java:62)
	at sun.reflect.DelegatingMethodAccessorImpl.invoke(DelegatingMethodAccessorImpl.java:43)
	at java.lang.reflect.Method.invoke(Method.java:498)
	at org.testng.internal.MethodInvocationHelper.invokeMethod(MethodInvocationHelper.java:86)
	at org.testng.internal.Invoker.invokeMethod(Invoker.java:643)
	at org.testng.internal.Invoker.invokeTestMethod(Invoker.java:820)
	at org.testng.internal.Invoker.invokeTestMethods(Invoker.java:1128)
	at org.testng.internal.TestMethodWorker.invokeTestMethods(TestMethodWorker.java:129)
	at org.testng.internal.TestMethodWorker.run(TestMethodWorker.java:112)
	at org.testng.TestRunner.privateRun(TestRunner.java:782)
	at org.testng.TestRunner.run(TestRunner.java:632)
	at org.testng.SuiteRunner.runTest(SuiteRunner.java:366)
	at org.testng.SuiteRunner.runSequentially(SuiteRunner.java:361)
	at org.testng.SuiteRunner.privateRun(SuiteRunner.java:319)
	at org.testng.SuiteRunner.run(SuiteRunner.java:268)
	at org.testng.SuiteRunnerWorker.runSuite(SuiteRunnerWorker.java:52)
	at org.testng.SuiteRunnerWorker.run(SuiteRunnerWorker.java:86)
	at org.testng.TestNG.runSuitesSequentially(TestNG.java:1244)
	at org.testng.TestNG.runSuitesLocally(TestNG.java:1169)
	at org.testng.TestNG.run(TestNG.java:1064)
	at org.gradle.api.internal.tasks.testing.testng.TestNGTestClassProcessor.runTests(TestNGTestClassProcessor.java:139)
	at org.gradle.api.internal.tasks.testing.testng.TestNGTestClassProcessor.stop(TestNGTestClassProcessor.java:89)
	at org.gradle.api.internal.tasks.testing.SuiteTestClassProcessor.stop(SuiteTestClassProcessor.java:61)
	at sun.reflect.NativeMethodAccessorImpl.invoke0(Native Method)
	at sun.reflect.NativeMethodAccessorImpl.invoke(NativeMethodAccessorImpl.java:62)
	at sun.reflect.DelegatingMethodAccessorImpl.invoke(DelegatingMethodAccessorImpl.java:43)
	at java.lang.reflect.Method.invoke(Method.java:498)
	at org.gradle.internal.dispatch.ReflectionDispatch.dispatch(ReflectionDispatch.java:35)
	at org.gradle.internal.dispatch.ReflectionDispatch.dispatch(ReflectionDispatch.java:24)
	at org.gradle.internal.dispatch.ContextClassLoaderDispatch.dispatch(ContextClassLoaderDispatch.java:32)
	at org.gradle.internal.dispatch.ProxyDispatchAdapter$DispatchingInvocationHandler.invoke(ProxyDispatchAdapter.java:93)
	at com.sun.proxy.$Proxy1.stop(Unknown Source)
	at org.gradle.api.internal.tasks.testing.worker.TestWorker.stop(TestWorker.java:123)
	at sun.reflect.NativeMethodAccessorImpl.invoke0(Native Method)
	at sun.reflect.NativeMethodAccessorImpl.invoke(NativeMethodAccessorImpl.java:62)
	at sun.reflect.DelegatingMethodAccessorImpl.invoke(DelegatingMethodAccessorImpl.java:43)
	at java.lang.reflect.Method.invoke(Method.java:498)
	at org.gradle.internal.dispatch.ReflectionDispatch.dispatch(ReflectionDispatch.java:35)
	at org.gradle.internal.dispatch.ReflectionDispatch.dispatch(ReflectionDispatch.java:24)
	at org.gradle.internal.remote.internal.hub.MessageHubBackedObjectConnection$DispatchWrapper.dispatch(MessageHubBackedObjectConnection.java:155)
	at org.gradle.internal.remote.internal.hub.MessageHubBackedObjectConnection$DispatchWrapper.dispatch(MessageHubBackedObjectConnection.java:137)
	at org.gradle.internal.remote.internal.hub.MessageHub$Handler.run(MessageHub.java:404)
	at org.gradle.internal.concurrent.ExecutorPolicy$CatchAndRecordFailures.onExecute(ExecutorPolicy.java:63)
	at org.gradle.internal.concurrent.ManagedExecutorImpl$1.run(ManagedExecutorImpl.java:46)
	at java.util.concurrent.ThreadPoolExecutor.runWorker(ThreadPoolExecutor.java:1149)
	at java.util.concurrent.ThreadPoolExecutor$Worker.run(ThreadPoolExecutor.java:624)
	at org.gradle.internal.concurrent.ThreadFactoryImpl$ManagedThreadRunnable.run(ThreadFactoryImpl.java:55)
	at java.lang.Thread.run(Thread.java:748)
Caused by: org.openqa.selenium.NoSuchElementException: no such element: Unable to locate element: {"method":"css selector","selector":"div[class*='AddGradeButton']"}
  (Session info: chrome=72.0.3626.109)
  (Driver info: chromedriver=73.0.3683.20 (8e2b610813e167eee3619ac4ce6e42e3ec622017),platform=Mac OS X 10.14.2 x86_64) (WARNING: The server did not provide any stacktrace information)
Command duration or timeout: 0 milliseconds
For documentation on this error, please visit: http://seleniumhq.org/exceptions/no_such_element.html
Build info: version: '3.13.0', revision: '2f0d292', time: '2018-06-25T15:24:21.231Z'
System info: host: 'Mac-mini-kuku-epta.local', ip: 'fe80:0:0:0:cd6:9a8b:d863:aa38%en0', os.name: 'Mac OS X', os.arch: 'x86_64', os.version: '10.14.2', java.version: '1.8.0_181'
Driver info: org.openqa.selenium.chrome.ChromeDriver
Capabilities {acceptInsecureCerts: false, acceptSslCerts: false, applicationCacheEnabled: false, browserConnectionEnabled: false, browserName: chrome, chrome: {chromedriverVersion: 73.0.3683.20 (8e2b610813e16..., userDataDir: /var/folders/nh/ptkrxl3912l...}, cssSelectorsEnabled: true, databaseEnabled: false, goog:chromeOptions: {debuggerAddress: localhost:53142}, handlesAlerts: true, hasTouchScreen: false, javascriptEnabled: true, locationContextEnabled: true, mobileEmulationEnabled: false, nativeEvents: true, networkConnectionEnabled: false, pageLoadStrategy: normal, platform: MAC, platformName: MAC, proxy: Proxy(), rotatable: false, setWindowRect: true, strictFileInteractability: false, takesHeapSnapshot: true, takesScreenshot: true, timeouts: {implicit: 0, pageLoad: 300000, script: 30000}, unexpectedAlertBehaviour: ignore, unhandledPromptBehavior: ignore, version: 72.0.3626.109, webStorageEnabled: true}
Session ID: 5afbd9903b90193e747c169f929253ec
*** Element info: {Using=css selector, value=div[class*='AddGradeButton']}
	at sun.reflect.GeneratedConstructorAccessor13.newInstance(Unknown Source)
	at sun.reflect.DelegatingConstructorAccessorImpl.newInstance(DelegatingConstructorAccessorImpl.java:45)
	at java.lang.reflect.Constructor.newInstance(Constructor.java:423)
	at org.openqa.selenium.remote.ErrorHandler.createThrowable(ErrorHandler.java:214)
	at org.openqa.selenium.remote.ErrorHandler.throwIfResponseFailed(ErrorHandler.java:166)
	at org.openqa.selenium.remote.http.JsonHttpResponseCodec.reconstructValue(JsonHttpResponseCodec.java:40)
	at org.openqa.selenium.remote.http.AbstractHttpResponseCodec.decode(AbstractHttpResponseCodec.java:80)
	at org.openqa.selenium.remote.http.AbstractHttpResponseCodec.decode(AbstractHttpResponseCodec.java:44)
	at org.openqa.selenium.remote.HttpCommandExecutor.execute(HttpCommandExecutor.java:158)
	at org.openqa.selenium.remote.service.DriverCommandExecutor.execute(DriverCommandExecutor.java:83)
	at org.openqa.selenium.remote.RemoteWebDriver.execute(RemoteWebDriver.java:548)
	at org.openqa.selenium.remote.RemoteWebDriver.findElement(RemoteWebDriver.java:322)
	at org.openqa.selenium.remote.RemoteWebDriver.findElementByCssSelector(RemoteWebDriver.java:416)
	at org.openqa.selenium.By$ByCssSelector.findElement(By.java:431)
	at org.openqa.selenium.remote.RemoteWebDriver.findElement(RemoteWebDriver.java:314)
	at com.codeborne.selenide.impl.WebElementSelector.findElement(WebElementSelector.java:29)
	at com.codeborne.selenide.impl.ElementFinder.getWebElement(ElementFinder.java:56)
	at com.codeborne.selenide.impl.WebElementSource.checkCondition(WebElementSource.java:44)
	... 58 more
</stack-trace>
            </failure>
            <steps/>
            <attachments/>
            <labels>
                <label name="testSuite" value="Gradle suite"/>
                <label name="testGroup" value="Gradle test"/>
                <label name="testClass" value="ru.stqa.pft.wombat_admin.tests.GradeModificationTest"/>
                <label name="testMethod" value="testDeleteQuestGradeModify"/>
                <label name="host" value="Mac-mini-kuku-epta.local"/>
                <label name="thread" value="71308@Mac-mini-kuku-epta.local.Test worker(10)"/>
            </labels>
        </test-case>
        <test-case start="1550474050344" stop="1550474061201" status="passed">
            <name>testGradeModify</name>
            <steps/>
            <attachments/>
            <labels>
                <label name="testSuite" value="Gradle suite"/>
                <label name="testGroup" value="Gradle test"/>
                <label name="testClass" value="ru.stqa.pft.wombat_admin.tests.GradeModificationTest"/>
                <label name="testMethod" value="testGradeModify"/>
                <label name="host" value="Mac-mini-kuku-epta.local"/>
                <label name="thread" value="71308@Mac-mini-kuku-epta.local.Test worker(10)"/>
            </labels>
        </test-case>
        <test-case start="1550474061211" stop="1550474066688" status="failed">
            <name>testGradeModifyWithNotUniqueIndex</name>
            <failure>
                <message>ElementNotFound: Element not found {div[class^='wrapper__src-gradesBrandNew-views-Grades-containers-GradeItemRoutes-'].findBy(text 'G37')}
Expected: text 'G37'</message>
                <stack-trace>Element not found {div[class^='wrapper__src-gradesBrandNew-views-Grades-containers-GradeItemRoutes-'].findBy(text 'G37')}
Expected: text 'G37'
Screenshot: file:/Users/vladislavsavenko/Documents/GitHub/java_ptf/wombat_admin/build/reports/tests/1550474066109.1.png
Page source: file:/Users/vladislavsavenko/Documents/GitHub/java_ptf/wombat_admin/build/reports/tests/1550474066109.1.html
Timeout: 4 s.
	at com.codeborne.selenide.impl.CollectionElementByCondition.getWebElement(CollectionElementByCondition.java:39)
	at com.codeborne.selenide.commands.ScrollTo.execute(ScrollTo.java:14)
	at com.codeborne.selenide.commands.ScrollTo.execute(ScrollTo.java:11)
	at com.codeborne.selenide.commands.Commands.execute(Commands.java:144)
	at com.codeborne.selenide.impl.SelenideElementProxy.dispatchAndRetry(SelenideElementProxy.java:90)
	at com.codeborne.selenide.impl.SelenideElementProxy.invoke(SelenideElementProxy.java:65)
	at com.sun.proxy.$Proxy7.scrollTo(Unknown Source)
	at ru.stqa.pft.wombat_admin.appmanager.GradeHelper.goToModify(GradeHelper.java:43)
	at ru.stqa.pft.wombat_admin.tests.GradeModificationTest.testGradeModifyWithNotUniqueIndex(GradeModificationTest.java:21)
	at sun.reflect.NativeMethodAccessorImpl.invoke0(Native Method)
	at sun.reflect.NativeMethodAccessorImpl.invoke(NativeMethodAccessorImpl.java:62)
	at sun.reflect.DelegatingMethodAccessorImpl.invoke(DelegatingMethodAccessorImpl.java:43)
	at java.lang.reflect.Method.invoke(Method.java:498)
	at org.testng.internal.MethodInvocationHelper.invokeMethod(MethodInvocationHelper.java:86)
	at org.testng.internal.Invoker.invokeMethod(Invoker.java:643)
	at org.testng.internal.Invoker.invokeTestMethod(Invoker.java:820)
	at org.testng.internal.Invoker.invokeTestMethods(Invoker.java:1128)
	at org.testng.internal.TestMethodWorker.invokeTestMethods(TestMethodWorker.java:129)
	at org.testng.internal.TestMethodWorker.run(TestMethodWorker.java:112)
	at org.testng.TestRunner.privateRun(TestRunner.java:782)
	at org.testng.TestRunner.run(TestRunner.java:632)
	at org.testng.SuiteRunner.runTest(SuiteRunner.java:366)
	at org.testng.SuiteRunner.runSequentially(SuiteRunner.java:361)
	at org.testng.SuiteRunner.privateRun(SuiteRunner.java:319)
	at org.testng.SuiteRunner.run(SuiteRunner.java:268)
	at org.testng.SuiteRunnerWorker.runSuite(SuiteRunnerWorker.java:52)
	at org.testng.SuiteRunnerWorker.run(SuiteRunnerWorker.java:86)
	at org.testng.TestNG.runSuitesSequentially(TestNG.java:1244)
	at org.testng.TestNG.runSuitesLocally(TestNG.java:1169)
	at org.testng.TestNG.run(TestNG.java:1064)
	at org.gradle.api.internal.tasks.testing.testng.TestNGTestClassProcessor.runTests(TestNGTestClassProcessor.java:139)
	at org.gradle.api.internal.tasks.testing.testng.TestNGTestClassProcessor.stop(TestNGTestClassProcessor.java:89)
	at org.gradle.api.internal.tasks.testing.SuiteTestClassProcessor.stop(SuiteTestClassProcessor.java:61)
	at sun.reflect.NativeMethodAccessorImpl.invoke0(Native Method)
	at sun.reflect.NativeMethodAccessorImpl.invoke(NativeMethodAccessorImpl.java:62)
	at sun.reflect.DelegatingMethodAccessorImpl.invoke(DelegatingMethodAccessorImpl.java:43)
	at java.lang.reflect.Method.invoke(Method.java:498)
	at org.gradle.internal.dispatch.ReflectionDispatch.dispatch(ReflectionDispatch.java:35)
	at org.gradle.internal.dispatch.ReflectionDispatch.dispatch(ReflectionDispatch.java:24)
	at org.gradle.internal.dispatch.ContextClassLoaderDispatch.dispatch(ContextClassLoaderDispatch.java:32)
	at org.gradle.internal.dispatch.ProxyDispatchAdapter$DispatchingInvocationHandler.invoke(ProxyDispatchAdapter.java:93)
	at com.sun.proxy.$Proxy1.stop(Unknown Source)
	at org.gradle.api.internal.tasks.testing.worker.TestWorker.stop(TestWorker.java:123)
	at sun.reflect.NativeMethodAccessorImpl.invoke0(Native Method)
	at sun.reflect.NativeMethodAccessorImpl.invoke(NativeMethodAccessorImpl.java:62)
	at sun.reflect.DelegatingMethodAccessorImpl.invoke(DelegatingMethodAccessorImpl.java:43)
	at java.lang.reflect.Method.invoke(Method.java:498)
	at org.gradle.internal.dispatch.ReflectionDispatch.dispatch(ReflectionDispatch.java:35)
	at org.gradle.internal.dispatch.ReflectionDispatch.dispatch(ReflectionDispatch.java:24)
	at org.gradle.internal.remote.internal.hub.MessageHubBackedObjectConnection$DispatchWrapper.dispatch(MessageHubBackedObjectConnection.java:155)
	at org.gradle.internal.remote.internal.hub.MessageHubBackedObjectConnection$DispatchWrapper.dispatch(MessageHubBackedObjectConnection.java:137)
	at org.gradle.internal.remote.internal.hub.MessageHub$Handler.run(MessageHub.java:404)
	at org.gradle.internal.concurrent.ExecutorPolicy$CatchAndRecordFailures.onExecute(ExecutorPolicy.java:63)
	at org.gradle.internal.concurrent.ManagedExecutorImpl$1.run(ManagedExecutorImpl.java:46)
	at java.util.concurrent.ThreadPoolExecutor.runWorker(ThreadPoolExecutor.java:1149)
	at java.util.concurrent.ThreadPoolExecutor$Worker.run(ThreadPoolExecutor.java:624)
	at org.gradle.internal.concurrent.ThreadFactoryImpl$ManagedThreadRunnable.run(ThreadFactoryImpl.java:55)
	at java.lang.Thread.run(Thread.java:748)
</stack-trace>
            </failure>
            <steps/>
            <attachments/>
            <labels>
                <label name="testSuite" value="Gradle suite"/>
                <label name="testGroup" value="Gradle test"/>
                <label name="testClass" value="ru.stqa.pft.wombat_admin.tests.GradeModificationTest"/>
                <label name="testMethod" value="testGradeModifyWithNotUniqueIndex"/>
                <label name="host" value="Mac-mini-kuku-epta.local"/>
                <label name="thread" value="71308@Mac-mini-kuku-epta.local.Test worker(10)"/>
            </labels>
        </test-case>
        <test-case start="1550474066691" stop="1550474068566" status="passed">
            <name>testArchiveGrade</name>
            <steps/>
            <attachments/>
            <labels>
                <label name="testSuite" value="Gradle suite"/>
                <label name="testGroup" value="Gradle test"/>
                <label name="testClass" value="ru.stqa.pft.wombat_admin.tests.GradeArchiveTest"/>
                <label name="testMethod" value="testArchiveGrade"/>
                <label name="host" value="Mac-mini-kuku-epta.local"/>
                <label name="thread" value="71308@Mac-mini-kuku-epta.local.Test worker(10)"/>
            </labels>
        </test-case>
        <test-case start="1550474068568" stop="1550474077099" status="passed">
            <name>testGradeCreationWithoutQuest</name>
            <steps/>
            <attachments/>
            <labels>
                <label name="testSuite" value="Gradle suite"/>
                <label name="testGroup" value="Gradle test"/>
                <label name="testClass" value="ru.stqa.pft.wombat_admin.tests.GradeCreationTest"/>
                <label name="testMethod" value="testGradeCreationWithoutQuest"/>
                <label name="host" value="Mac-mini-kuku-epta.local"/>
                <label name="thread" value="71308@Mac-mini-kuku-epta.local.Test worker(10)"/>
            </labels>
        </test-case>
        <test-case start="1550474077104" stop="1550474079215" status="passed">
            <name>testReturnFromArchiveGrade</name>
            <steps/>
            <attachments/>
            <labels>
                <label name="testSuite" value="Gradle suite"/>
                <label name="testGroup" value="Gradle test"/>
                <label name="testClass" value="ru.stqa.pft.wombat_admin.tests.GradeArchiveTest"/>
                <label name="testMethod" value="testReturnFromArchiveGrade"/>
                <label name="host" value="Mac-mini-kuku-epta.local"/>
                <label name="thread" value="71308@Mac-mini-kuku-epta.local.Test worker(10)"/>
            </labels>
        </test-case>
        <test-case start="1550474079217" stop="1550474088484" status="passed">
            <name>testGradeCreationWithQuest</name>
            <steps/>
            <attachments/>
            <labels>
                <label name="testSuite" value="Gradle suite"/>
                <label name="testGroup" value="Gradle test"/>
                <label name="testClass" value="ru.stqa.pft.wombat_admin.tests.GradeCreationTest"/>
                <label name="testMethod" value="testGradeCreationWithQuest"/>
                <label name="host" value="Mac-mini-kuku-epta.local"/>
                <label name="thread" value="71308@Mac-mini-kuku-epta.local.Test worker(10)"/>
            </labels>
        </test-case>
        <test-case start="1550474088488" stop="1550474089524" status="passed">
            <name>testCancelArchiveGrade</name>
            <steps/>
            <attachments/>
            <labels>
                <label name="testSuite" value="Gradle suite"/>
                <label name="testGroup" value="Gradle test"/>
                <label name="testClass" value="ru.stqa.pft.wombat_admin.tests.GradeArchiveTest"/>
                <label name="testMethod" value="testCancelArchiveGrade"/>
                <label name="host" value="Mac-mini-kuku-epta.local"/>
                <label name="thread" value="71308@Mac-mini-kuku-epta.local.Test worker(10)"/>
            </labels>
        </test-case>
        <test-case start="1550474089528" stop="1550474097752" status="passed">
            <name>testGradeCreationWithQuestsFromDifferentGroups</name>
            <steps/>
            <attachments/>
            <labels>
                <label name="testSuite" value="Gradle suite"/>
                <label name="testGroup" value="Gradle test"/>
                <label name="testClass" value="ru.stqa.pft.wombat_admin.tests.GradeCreationTest"/>
                <label name="testMethod" value="testGradeCreationWithQuestsFromDifferentGroups"/>
                <label name="host" value="Mac-mini-kuku-epta.local"/>
                <label name="thread" value="71308@Mac-mini-kuku-epta.local.Test worker(10)"/>
            </labels>
        </test-case>
        <test-case start="1550474097755" stop="1550474098812" status="passed">
            <name>testCancelReturnFromArchiveGrade</name>
            <steps/>
            <attachments/>
            <labels>
                <label name="testSuite" value="Gradle suite"/>
                <label name="testGroup" value="Gradle test"/>
                <label name="testClass" value="ru.stqa.pft.wombat_admin.tests.GradeArchiveTest"/>
                <label name="testMethod" value="testCancelReturnFromArchiveGrade"/>
                <label name="host" value="Mac-mini-kuku-epta.local"/>
                <label name="thread" value="71308@Mac-mini-kuku-epta.local.Test worker(10)"/>
            </labels>
        </test-case>
        <test-case start="1550474098814" stop="1550474107808" status="passed">
            <name>testGradeCreationWithNotUniqueIndex</name>
            <steps/>
            <attachments/>
            <labels>
                <label name="testSuite" value="Gradle suite"/>
                <label name="testGroup" value="Gradle test"/>
                <label name="testClass" value="ru.stqa.pft.wombat_admin.tests.GradeCreationTest"/>
                <label name="testMethod" value="testGradeCreationWithNotUniqueIndex"/>
                <label name="host" value="Mac-mini-kuku-epta.local"/>
                <label name="thread" value="71308@Mac-mini-kuku-epta.local.Test worker(10)"/>
            </labels>
        </test-case>
        <test-case start="1550474107813" stop="1550474109874" status="passed">
            <name>testNoEditIconFromArchived</name>
            <steps/>
            <attachments/>
            <labels>
                <label name="testSuite" value="Gradle suite"/>
                <label name="testGroup" value="Gradle test"/>
                <label name="testClass" value="ru.stqa.pft.wombat_admin.tests.GradeArchiveTest"/>
                <label name="testMethod" value="testNoEditIconFromArchived"/>
                <label name="host" value="Mac-mini-kuku-epta.local"/>
                <label name="thread" value="71308@Mac-mini-kuku-epta.local.Test worker(10)"/>
            </labels>
        </test-case>
        <test-case start="1550474109877" stop="1550474113705" status="passed">
            <name>testCancelGradeCreation</name>
            <steps/>
            <attachments/>
            <labels>
                <label name="testSuite" value="Gradle suite"/>
                <label name="testGroup" value="Gradle test"/>
                <label name="testClass" value="ru.stqa.pft.wombat_admin.tests.GradeCreationTest"/>
                <label name="testMethod" value="testCancelGradeCreation"/>
                <label name="host" value="Mac-mini-kuku-epta.local"/>
                <label name="thread" value="71308@Mac-mini-kuku-epta.local.Test worker(10)"/>
            </labels>
        </test-case>
        <test-case start="1550474113709" stop="1550474115671" status="passed">
            <name>testEditIconAfterAddArchive</name>
            <steps/>
            <attachments/>
            <labels>
                <label name="testSuite" value="Gradle suite"/>
                <label name="testGroup" value="Gradle test"/>
                <label name="testClass" value="ru.stqa.pft.wombat_admin.tests.GradeArchiveTest"/>
                <label name="testMethod" value="testEditIconAfterAddArchive"/>
                <label name="host" value="Mac-mini-kuku-epta.local"/>
                <label name="thread" value="71308@Mac-mini-kuku-epta.local.Test worker(10)"/>
            </labels>
        </test-case>
        <test-case start="1550474115674" stop="1550474121182" status="passed">
            <name>testGradeCreationWithEmptyFields</name>
            <steps/>
            <attachments/>
            <labels>
                <label name="testSuite" value="Gradle suite"/>
                <label name="testGroup" value="Gradle test"/>
                <label name="testClass" value="ru.stqa.pft.wombat_admin.tests.GradeCreationTest"/>
                <label name="testMethod" value="testGradeCreationWithEmptyFields"/>
                <label name="host" value="Mac-mini-kuku-epta.local"/>
                <label name="thread" value="71308@Mac-mini-kuku-epta.local.Test worker(10)"/>
            </labels>
        </test-case>
        <test-case start="1550474121185" stop="1550474122281" status="passed">
            <name>testEditIconAfterReturnArchive</name>
            <steps/>
            <attachments/>
            <labels>
                <label name="testSuite" value="Gradle suite"/>
                <label name="testGroup" value="Gradle test"/>
                <label name="testClass" value="ru.stqa.pft.wombat_admin.tests.GradeArchiveTest"/>
                <label name="testMethod" value="testEditIconAfterReturnArchive"/>
                <label name="host" value="Mac-mini-kuku-epta.local"/>
                <label name="thread" value="71308@Mac-mini-kuku-epta.local.Test worker(10)"/>
            </labels>
        </test-case>
        <test-case start="1550474122283" stop="1550474128320" status="passed">
            <name>testGradeCreationWithDataFromSpaces</name>
            <steps/>
            <attachments/>
            <labels>
                <label name="testSuite" value="Gradle suite"/>
                <label name="testGroup" value="Gradle test"/>
                <label name="testClass" value="ru.stqa.pft.wombat_admin.tests.GradeCreationTest"/>
                <label name="testMethod" value="testGradeCreationWithDataFromSpaces"/>
                <label name="host" value="Mac-mini-kuku-epta.local"/>
                <label name="thread" value="71308@Mac-mini-kuku-epta.local.Test worker(10)"/>
            </labels>
        </test-case>
        <test-case start="1550474128323" stop="1550474129618" status="passed">
            <name>testReturnFromArchiveGradeAlert</name>
            <steps/>
            <attachments/>
            <labels>
                <label name="testSuite" value="Gradle suite"/>
                <label name="testGroup" value="Gradle test"/>
                <label name="testClass" value="ru.stqa.pft.wombat_admin.tests.GradeArchiveTest"/>
                <label name="testMethod" value="testReturnFromArchiveGradeAlert"/>
                <label name="host" value="Mac-mini-kuku-epta.local"/>
                <label name="thread" value="71308@Mac-mini-kuku-epta.local.Test worker(10)"/>
            </labels>
        </test-case>
        <test-case start="1550474129620" stop="1550474135778" status="passed">
            <name>testGradeCreationWithNegativeValues</name>
            <steps/>
            <attachments/>
            <labels>
                <label name="testSuite" value="Gradle suite"/>
                <label name="testGroup" value="Gradle test"/>
                <label name="testClass" value="ru.stqa.pft.wombat_admin.tests.GradeCreationTest"/>
                <label name="testMethod" value="testGradeCreationWithNegativeValues"/>
                <label name="host" value="Mac-mini-kuku-epta.local"/>
                <label name="thread" value="71308@Mac-mini-kuku-epta.local.Test worker(10)"/>
            </labels>
        </test-case>
        <test-case start="1550474135781" stop="1550474142574" status="failed">
            <name>testInabilityToOpenCardAfterArchive</name>
            <failure>
                <message>ElementShouldNot: Element should not have text 'Описание:' {div[class^='wrapper__src-gradesBrandNew-views-Grades-containers-GradeItemRoutes-'].findBy(match text 'G1')}
Element: '&lt;div class="wrapper__src-gradesBrandNew-views-Grades-containers-GradeItemRoutes-__3pH"&gt;G10
Grade 10
+
95 000
0
0
Описание:
разработчик 10 грейда, рост: Наставник, Техлид, вертикальный рост: Тимлид, Руководитель проектов, Техдиректор&lt;/div&gt;'</message>
                <stack-trace>Element should not have text 'Описание:' {div[class^='wrapper__src-gradesBrandNew-views-Grades-containers-GradeItemRoutes-'].findBy(match text 'G1')}
Element: '&lt;div class="wrapper__src-gradesBrandNew-views-Grades-containers-GradeItemRoutes-__3pH"&gt;G10
Grade 10
+
95 000
0
0
Описание:
разработчик 10 грейда, рост: Наставник, Техлид, вертикальный рост: Тимлид, Руководитель проектов, Техдиректор&lt;/div&gt;'
Screenshot: file:/Users/vladislavsavenko/Documents/GitHub/java_ptf/wombat_admin/build/reports/tests/1550474142192.2.png
Page source: file:/Users/vladislavsavenko/Documents/GitHub/java_ptf/wombat_admin/build/reports/tests/1550474142192.2.html
Timeout: 4 s.
	at com.codeborne.selenide.impl.WebElementSource.checkCondition(WebElementSource.java:63)
	at com.codeborne.selenide.commands.ShouldNot.shouldNot(ShouldNot.java:36)
	at com.codeborne.selenide.commands.ShouldNot.execute(ShouldNot.java:29)
	at com.codeborne.selenide.commands.ShouldNot.execute(ShouldNot.java:12)
	at com.codeborne.selenide.commands.Commands.execute(Commands.java:144)
	at com.codeborne.selenide.impl.SelenideElementProxy.dispatchAndRetry(SelenideElementProxy.java:90)
	at com.codeborne.selenide.impl.SelenideElementProxy.invoke(SelenideElementProxy.java:65)
	at com.sun.proxy.$Proxy7.shouldNotHave(Unknown Source)
	at ru.stqa.pft.wombat_admin.appmanager.GradeHelper.openCardAfterArchive(GradeHelper.java:324)
	at ru.stqa.pft.wombat_admin.tests.GradeArchiveTest.testInabilityToOpenCardAfterArchive(GradeArchiveTest.java:81)
	at sun.reflect.NativeMethodAccessorImpl.invoke0(Native Method)
	at sun.reflect.NativeMethodAccessorImpl.invoke(NativeMethodAccessorImpl.java:62)
	at sun.reflect.DelegatingMethodAccessorImpl.invoke(DelegatingMethodAccessorImpl.java:43)
	at java.lang.reflect.Method.invoke(Method.java:498)
	at org.testng.internal.MethodInvocationHelper.invokeMethod(MethodInvocationHelper.java:86)
	at org.testng.internal.Invoker.invokeMethod(Invoker.java:643)
	at org.testng.internal.Invoker.invokeTestMethod(Invoker.java:820)
	at org.testng.internal.Invoker.invokeTestMethods(Invoker.java:1128)
	at org.testng.internal.TestMethodWorker.invokeTestMethods(TestMethodWorker.java:129)
	at org.testng.internal.TestMethodWorker.run(TestMethodWorker.java:112)
	at org.testng.TestRunner.privateRun(TestRunner.java:782)
	at org.testng.TestRunner.run(TestRunner.java:632)
	at org.testng.SuiteRunner.runTest(SuiteRunner.java:366)
	at org.testng.SuiteRunner.runSequentially(SuiteRunner.java:361)
	at org.testng.SuiteRunner.privateRun(SuiteRunner.java:319)
	at org.testng.SuiteRunner.run(SuiteRunner.java:268)
	at org.testng.SuiteRunnerWorker.runSuite(SuiteRunnerWorker.java:52)
	at org.testng.SuiteRunnerWorker.run(SuiteRunnerWorker.java:86)
	at org.testng.TestNG.runSuitesSequentially(TestNG.java:1244)
	at org.testng.TestNG.runSuitesLocally(TestNG.java:1169)
	at org.testng.TestNG.run(TestNG.java:1064)
	at org.gradle.api.internal.tasks.testing.testng.TestNGTestClassProcessor.runTests(TestNGTestClassProcessor.java:139)
	at org.gradle.api.internal.tasks.testing.testng.TestNGTestClassProcessor.stop(TestNGTestClassProcessor.java:89)
	at org.gradle.api.internal.tasks.testing.SuiteTestClassProcessor.stop(SuiteTestClassProcessor.java:61)
	at sun.reflect.NativeMethodAccessorImpl.invoke0(Native Method)
	at sun.reflect.NativeMethodAccessorImpl.invoke(NativeMethodAccessorImpl.java:62)
	at sun.reflect.DelegatingMethodAccessorImpl.invoke(DelegatingMethodAccessorImpl.java:43)
	at java.lang.reflect.Method.invoke(Method.java:498)
	at org.gradle.internal.dispatch.ReflectionDispatch.dispatch(ReflectionDispatch.java:35)
	at org.gradle.internal.dispatch.ReflectionDispatch.dispatch(ReflectionDispatch.java:24)
	at org.gradle.internal.dispatch.ContextClassLoaderDispatch.dispatch(ContextClassLoaderDispatch.java:32)
	at org.gradle.internal.dispatch.ProxyDispatchAdapter$DispatchingInvocationHandler.invoke(ProxyDispatchAdapter.java:93)
	at com.sun.proxy.$Proxy1.stop(Unknown Source)
	at org.gradle.api.internal.tasks.testing.worker.TestWorker.stop(TestWorker.java:123)
	at sun.reflect.NativeMethodAccessorImpl.invoke0(Native Method)
	at sun.reflect.NativeMethodAccessorImpl.invoke(NativeMethodAccessorImpl.java:62)
	at sun.reflect.DelegatingMethodAccessorImpl.invoke(DelegatingMethodAccessorImpl.java:43)
	at java.lang.reflect.Method.invoke(Method.java:498)
	at org.gradle.internal.dispatch.ReflectionDispatch.dispatch(ReflectionDispatch.java:35)
	at org.gradle.internal.dispatch.ReflectionDispatch.dispatch(ReflectionDispatch.java:24)
	at org.gradle.internal.remote.internal.hub.MessageHubBackedObjectConnection$DispatchWrapper.dispatch(MessageHubBackedObjectConnection.java:155)
	at org.gradle.internal.remote.internal.hub.MessageHubBackedObjectConnection$DispatchWrapper.dispatch(MessageHubBackedObjectConnection.java:137)
	at org.gradle.internal.remote.internal.hub.MessageHub$Handler.run(MessageHub.java:404)
	at org.gradle.internal.concurrent.ExecutorPolicy$CatchAndRecordFailures.onExecute(ExecutorPolicy.java:63)
	at org.gradle.internal.concurrent.ManagedExecutorImpl$1.run(ManagedExecutorImpl.java:46)
	at java.util.concurrent.ThreadPoolExecutor.runWorker(ThreadPoolExecutor.java:1149)
	at java.util.concurrent.ThreadPoolExecutor$Worker.run(ThreadPoolExecutor.java:624)
	at org.gradle.internal.concurrent.ThreadFactoryImpl$ManagedThreadRunnable.run(ThreadFactoryImpl.java:55)
	at java.lang.Thread.run(Thread.java:748)
</stack-trace>
            </failure>
            <steps/>
            <attachments/>
            <labels>
                <label name="testSuite" value="Gradle suite"/>
                <label name="testGroup" value="Gradle test"/>
                <label name="testClass" value="ru.stqa.pft.wombat_admin.tests.GradeArchiveTest"/>
                <label name="testMethod" value="testInabilityToOpenCardAfterArchive"/>
                <label name="host" value="Mac-mini-kuku-epta.local"/>
                <label name="thread" value="71308@Mac-mini-kuku-epta.local.Test worker(10)"/>
            </labels>
        </test-case>
        <test-case start="1550474142577" stop="1550474149432" status="passed">
            <name>testGradeCreationWithZeroValues</name>
            <steps/>
            <attachments/>
            <labels>
                <label name="testSuite" value="Gradle suite"/>
                <label name="testGroup" value="Gradle test"/>
                <label name="testClass" value="ru.stqa.pft.wombat_admin.tests.GradeCreationTest"/>
                <label name="testMethod" value="testGradeCreationWithZeroValues"/>
                <label name="host" value="Mac-mini-kuku-epta.local"/>
                <label name="thread" value="71308@Mac-mini-kuku-epta.local.Test worker(10)"/>
            </labels>
        </test-case>
        <test-case start="1550474149438" stop="1550474151325" status="passed">
            <name>testOpenCardAfterReturnArchive</name>
            <steps/>
            <attachments/>
            <labels>
                <label name="testSuite" value="Gradle suite"/>
                <label name="testGroup" value="Gradle test"/>
                <label name="testClass" value="ru.stqa.pft.wombat_admin.tests.GradeArchiveTest"/>
                <label name="testMethod" value="testOpenCardAfterReturnArchive"/>
                <label name="host" value="Mac-mini-kuku-epta.local"/>
                <label name="thread" value="71308@Mac-mini-kuku-epta.local.Test worker(10)"/>
            </labels>
        </test-case>
        <test-case start="1550474151327" stop="1550474157788" status="passed">
            <name>testGradeCreationWithLetterInNumberField</name>
            <steps/>
            <attachments/>
            <labels>
                <label name="testSuite" value="Gradle suite"/>
                <label name="testGroup" value="Gradle test"/>
                <label name="testClass" value="ru.stqa.pft.wombat_admin.tests.GradeCreationTest"/>
                <label name="testMethod" value="testGradeCreationWithLetterInNumberField"/>
                <label name="host" value="Mac-mini-kuku-epta.local"/>
                <label name="thread" value="71308@Mac-mini-kuku-epta.local.Test worker(10)"/>
            </labels>
        </test-case>
        <test-case start="1550474157791" stop="1550474158440" status="passed">
            <name>testTextInModalUnArchived</name>
            <steps/>
            <attachments/>
            <labels>
                <label name="testSuite" value="Gradle suite"/>
                <label name="testGroup" value="Gradle test"/>
                <label name="testClass" value="ru.stqa.pft.wombat_admin.tests.GradeArchiveTest"/>
                <label name="testMethod" value="testTextInModalUnArchived"/>
                <label name="host" value="Mac-mini-kuku-epta.local"/>
                <label name="thread" value="71308@Mac-mini-kuku-epta.local.Test worker(10)"/>
            </labels>
        </test-case>
        <test-case start="1550474158443" stop="1550474170971" status="passed">
            <name>testGradeCreationBaseInfo</name>
            <steps/>
            <attachments/>
            <labels>
                <label name="testSuite" value="Gradle suite"/>
                <label name="testGroup" value="Gradle test"/>
                <label name="testClass" value="ru.stqa.pft.wombat_admin.tests.GradeCreationTest"/>
                <label name="testMethod" value="testGradeCreationBaseInfo"/>
                <label name="host" value="Mac-mini-kuku-epta.local"/>
                <label name="thread" value="71308@Mac-mini-kuku-epta.local.Test worker(10)"/>
            </labels>
        </test-case>
        <test-case start="1550474170974" stop="1550474171735" status="passed">
            <name>testTextInModalArchived</name>
            <steps/>
            <attachments/>
            <labels>
                <label name="testSuite" value="Gradle suite"/>
                <label name="testGroup" value="Gradle test"/>
                <label name="testClass" value="ru.stqa.pft.wombat_admin.tests.GradeArchiveTest"/>
                <label name="testMethod" value="testTextInModalArchived"/>
                <label name="host" value="Mac-mini-kuku-epta.local"/>
                <label name="thread" value="71308@Mac-mini-kuku-epta.local.Test worker(10)"/>
            </labels>
        </test-case>
        <test-case start="1550474171737" stop="1550474184509" status="passed">
            <name>testGradeCreationDopInfo</name>
            <steps/>
            <attachments/>
            <labels>
                <label name="testSuite" value="Gradle suite"/>
                <label name="testGroup" value="Gradle test"/>
                <label name="testClass" value="ru.stqa.pft.wombat_admin.tests.GradeCreationTest"/>
                <label name="testMethod" value="testGradeCreationDopInfo"/>
                <label name="host" value="Mac-mini-kuku-epta.local"/>
                <label name="thread" value="71308@Mac-mini-kuku-epta.local.Test worker(10)"/>
            </labels>
        </test-case>
        <test-case start="1550474184515" stop="1550474203402" status="passed">
            <name>testGradeCreationWithOneQuest</name>
            <steps/>
            <attachments/>
            <labels>
                <label name="testSuite" value="Gradle suite"/>
                <label name="testGroup" value="Gradle test"/>
                <label name="testClass" value="ru.stqa.pft.wombat_admin.tests.GradeCreationTest"/>
                <label name="testMethod" value="testGradeCreationWithOneQuest"/>
                <label name="host" value="Mac-mini-kuku-epta.local"/>
                <label name="thread" value="71308@Mac-mini-kuku-epta.local.Test worker(10)"/>
            </labels>
        </test-case>
        <test-case start="1550474203405" stop="1550474217627" status="passed">
            <name>testGradeCreationInfoWithQuestsFromDifferentGroups</name>
            <steps/>
            <attachments/>
            <labels>
                <label name="testSuite" value="Gradle suite"/>
                <label name="testGroup" value="Gradle test"/>
                <label name="testClass" value="ru.stqa.pft.wombat_admin.tests.GradeCreationTest"/>
                <label name="testMethod" value="testGradeCreationInfoWithQuestsFromDifferentGroups"/>
                <label name="host" value="Mac-mini-kuku-epta.local"/>
                <label name="thread" value="71308@Mac-mini-kuku-epta.local.Test worker(10)"/>
            </labels>
        </test-case>
        <test-case start="1550474217631" stop="1550474220975" status="passed">
            <name>testNotCacheCreationAfterCancel</name>
            <steps/>
            <attachments/>
            <labels>
                <label name="testSuite" value="Gradle suite"/>
                <label name="testGroup" value="Gradle test"/>
                <label name="testClass" value="ru.stqa.pft.wombat_admin.tests.GradeCreationTest"/>
                <label name="testMethod" value="testNotCacheCreationAfterCancel"/>
                <label name="host" value="Mac-mini-kuku-epta.local"/>
                <label name="thread" value="71308@Mac-mini-kuku-epta.local.Test worker(10)"/>
            </labels>
        </test-case>
        <test-case start="1550474220977" stop="1550474226713" status="passed">
            <name>testNotCacheCreationAfterCreate</name>
            <steps/>
            <attachments/>
            <labels>
                <label name="testSuite" value="Gradle suite"/>
                <label name="testGroup" value="Gradle test"/>
                <label name="testClass" value="ru.stqa.pft.wombat_admin.tests.GradeCreationTest"/>
                <label name="testMethod" value="testNotCacheCreationAfterCreate"/>
                <label name="host" value="Mac-mini-kuku-epta.local"/>
                <label name="thread" value="71308@Mac-mini-kuku-epta.local.Test worker(10)"/>
            </labels>
        </test-case>
        <test-case start="1550474226716" stop="1550474231264" status="passed">
            <name>testGradeAlertCreation</name>
            <steps/>
            <attachments/>
            <labels>
                <label name="testSuite" value="Gradle suite"/>
                <label name="testGroup" value="Gradle test"/>
                <label name="testClass" value="ru.stqa.pft.wombat_admin.tests.GradeCreationTest"/>
                <label name="testMethod" value="testGradeAlertCreation"/>
                <label name="host" value="Mac-mini-kuku-epta.local"/>
                <label name="thread" value="71308@Mac-mini-kuku-epta.local.Test worker(10)"/>
            </labels>
        </test-case>
        <test-case start="1550474231265" stop="1550474234648" status="passed">
            <name>testGradeAlertCreationNotUnique</name>
            <steps/>
            <attachments/>
            <labels>
                <label name="testSuite" value="Gradle suite"/>
                <label name="testGroup" value="Gradle test"/>
                <label name="testClass" value="ru.stqa.pft.wombat_admin.tests.GradeCreationTest"/>
                <label name="testMethod" value="testGradeAlertCreationNotUnique"/>
                <label name="host" value="Mac-mini-kuku-epta.local"/>
                <label name="thread" value="71308@Mac-mini-kuku-epta.local.Test worker(10)"/>
            </labels>
        </test-case>
        <test-case start="1550474234651" stop="1550474235219" status="passed">
            <name>testGradeErrorsEmpty</name>
            <steps/>
            <attachments/>
            <labels>
                <label name="testSuite" value="Gradle suite"/>
                <label name="testGroup" value="Gradle test"/>
                <label name="testClass" value="ru.stqa.pft.wombat_admin.tests.GradeCreationTest"/>
                <label name="testMethod" value="testGradeErrorsEmpty"/>
                <label name="host" value="Mac-mini-kuku-epta.local"/>
                <label name="thread" value="71308@Mac-mini-kuku-epta.local.Test worker(10)"/>
            </labels>
        </test-case>
        <test-case start="1550474235221" stop="1550474236337" status="passed">
            <name>testGradeErrorsRequired</name>
            <steps/>
            <attachments/>
            <labels>
                <label name="testSuite" value="Gradle suite"/>
                <label name="testGroup" value="Gradle test"/>
                <label name="testClass" value="ru.stqa.pft.wombat_admin.tests.GradeCreationTest"/>
                <label name="testMethod" value="testGradeErrorsRequired"/>
                <label name="host" value="Mac-mini-kuku-epta.local"/>
                <label name="thread" value="71308@Mac-mini-kuku-epta.local.Test worker(10)"/>
            </labels>
        </test-case>
        <test-case start="1550474236339" stop="1550474237883" status="passed">
            <name>testGradeErrorsOnlyNumbers</name>
            <steps/>
            <attachments/>
            <labels>
                <label name="testSuite" value="Gradle suite"/>
                <label name="testGroup" value="Gradle test"/>
                <label name="testClass" value="ru.stqa.pft.wombat_admin.tests.GradeCreationTest"/>
                <label name="testMethod" value="testGradeErrorsOnlyNumbers"/>
                <label name="host" value="Mac-mini-kuku-epta.local"/>
                <label name="thread" value="71308@Mac-mini-kuku-epta.local.Test worker(10)"/>
            </labels>
        </test-case>
        <test-case start="1550474237884" stop="1550474238963" status="passed">
            <name>testGradeErrorsSpacesInstead</name>
            <steps/>
            <attachments/>
            <labels>
                <label name="testSuite" value="Gradle suite"/>
                <label name="testGroup" value="Gradle test"/>
                <label name="testClass" value="ru.stqa.pft.wombat_admin.tests.GradeCreationTest"/>
                <label name="testMethod" value="testGradeErrorsSpacesInstead"/>
                <label name="host" value="Mac-mini-kuku-epta.local"/>
                <label name="thread" value="71308@Mac-mini-kuku-epta.local.Test worker(10)"/>
            </labels>
        </test-case>
    </test-cases>
    <labels>
        <label name="framework" value="TestNG"/>
        <label name="language" value="JAVA"/>
    </labels>
</ns2:test-suite>
